<?xml version="1.0" encoding="UTF-8"?>
<testsuite name="baseline.FileManagerTest" tests="1" skipped="0" failures="0" errors="0" timestamp="2021-10-14T14:24:39" hostname="MATT-DESKTOP" time="0.016">
  <properties/>
  <testcase name="testWrite()" classname="baseline.FileManagerTest" time="0.016"/>
  <system-out><![CDATA[]]></system-out>
  <system-err><![CDATA[]]></system-err>
</testsuite>
