<?xml version="1.0" encoding="UTF-8"?>
<testsuite name="baseline.FileManagerTest" tests="1" skipped="0" failures="0" errors="0" timestamp="2021-10-14T01:46:15" hostname="MATT-DESKTOP" time="0.015">
  <properties/>
  <testcase name="testReplace()" classname="baseline.FileManagerTest" time="0.015"/>
  <system-out><![CDATA[]]></system-out>
  <system-err><![CDATA[]]></system-err>
</testsuite>
