<?xml version="1.0" encoding="UTF-8"?>
<testsuite name="baseline.NameManagerTest" tests="1" skipped="0" failures="0" errors="0" timestamp="2021-10-11T19:30:47" hostname="MATT-DESKTOP" time="0.018">
  <properties/>
  <testcase name="fileTest()" classname="baseline.NameManagerTest" time="0.018"/>
  <system-out><![CDATA[]]></system-out>
  <system-err><![CDATA[]]></system-err>
</testsuite>
